<?xml version="1.0" encoding="UTF-8"?>
<testsuite xmlns:xsi="http://www.w3.org/2001/XMLSchema-instance" xsi:noNamespaceSchemaLocation="https://maven.apache.org/surefire/maven-surefire-plugin/xsd/surefire-test-report.xsd" version="3.0.2" name="com.example.temperatureconverter.TemperatureConverterApplicationTests" time="7.251" tests="1" errors="0" skipped="0" failures="0">
  <properties>
[...]
</properties>
  <testcase name="contextLoads" classname="com.example.temperatureconverter.TemperatureConverterApplicationTests" time="1.846">
    <system-out><![CDATA[18:15:49.071 [main] INFO org.springframework.test.context.support.AnnotationConfigContextLoaderUtils -- Could not detect default configuration classes for test class [com.example.temperatureconverter.TemperatureConverterApplicationTests]: TemperatureConverterApplicationTests does not declare any static, non-private, non-final, nested classes annotated with @Configuration.
18:15:49.439 [main] INFO org.springframework.boot.test.context.SpringBootTestContextBootstrapper -- Found @SpringBootConfiguration com.example.temperatureconverter.TemperatureConverterApplication for test class com.example.temperatureconverter.TemperatureConverterApplicationTests
18:15:49.984 [main] INFO org.springframework.boot.devtools.restart.RestartApplicationListener -- Restart disabled due to context in which it is running

  .   ____          _            __ _ _
 /\\ / ___'_ __ _ _(_)_ __  __ _ \ \ \ \
( ( )\___ | '_ | '_| | '_ \/ _` | \ \ \ \
 \\/  ___)| |_)| | | | | || (_| |  ) ) ) )
  '  |____| .__|_| |_|_| |_\__, | / / / /
 =========|_|==============|___/=/_/_/_/

 :: Spring Boot ::                (v3.4.2)

2025-02-21T18:15:50.766+05:30  INFO 9460 --- [TemperatureConverter] [           main] e.t.TemperatureConverterApplicationTests : Starting TemperatureConverterApplicationTests using Java 21.0.3 with PID 9460 (started by karthik in C:\Users\karth\Downloads\temperatureconverter\temperatureconverter)
2025-02-21T18:15:50.766+05:30  INFO 9460 --- [TemperatureConverter] [           main] e.t.TemperatureConverterApplicationTests : No active profile set, falling back to 1 default profile: "default"
2025-02-21T18:15:53.934+05:30  INFO 9460 --- [TemperatureConverter] [           main] e.t.TemperatureConverterApplicationTests : Started TemperatureConverterApplicationTests in 3.986 seconds (process running for 6.772)
]]></system-out>
    <system-err><![CDATA[Mockito is currently self-attaching to enable the inline-mock-maker. This will no longer work in future releases of the JDK. Please add Mockito as an agent to your build what is described in Mockito's documentation: https://javadoc.io/doc/org.mockito/mockito-core/latest/org/mockito/Mockito.html#0.3
WARNING: A Java agent has been loaded dynamically (C:\Users\karth\.m2\repository\net\bytebuddy\byte-buddy-agent\1.15.11\byte-buddy-agent-1.15.11.jar)
WARNING: If a serviceability tool is in use, please run with -XX:+EnableDynamicAgentLoading to hide this warning
WARNING: If a serviceability tool is not in use, please run with -Djdk.instrument.traceUsage for more information
WARNING: Dynamic loading of agents will be disallowed by default in a future release
]]></system-err>
  </testcase>
</testsuite>